c:\users\roger\desktop\c++practice\project1\winterplatformer\winterproject\debug\vc120.pdb
c:\users\roger\desktop\c++practice\project1\winterplatformer\winterproject\debug\vc120.idb
c:\users\roger\desktop\c++practice\project1\winterplatformer\winterproject\debug\background.obj
c:\users\roger\desktop\c++practice\project1\winterplatformer\winterproject\debug\collision.obj
c:\users\roger\desktop\c++practice\project1\winterplatformer\winterproject\debug\component.obj
c:\users\roger\desktop\c++practice\project1\winterplatformer\winterproject\debug\gamecontroller.obj
c:\users\roger\desktop\c++practice\project1\winterplatformer\winterproject\debug\gameobject.obj
c:\users\roger\desktop\c++practice\project1\winterplatformer\winterproject\debug\levelconstructor.obj
c:\users\roger\desktop\c++practice\project1\winterplatformer\winterproject\debug\main.obj
c:\users\roger\desktop\c++practice\project1\winterplatformer\winterproject\debug\nonsolidobject.obj
c:\users\roger\desktop\c++practice\project1\winterplatformer\winterproject\debug\physicsbody.obj
c:\users\roger\desktop\c++practice\project1\winterplatformer\winterproject\debug\platform.obj
c:\users\roger\desktop\c++practice\project1\winterplatformer\winterproject\debug\player.obj
c:\users\roger\desktop\c++practice\project1\winterplatformer\winterproject\debug\playercollision.obj
c:\users\roger\desktop\c++practice\project1\winterplatformer\winterproject\debug\playercommands.obj
c:\users\roger\desktop\c++practice\project1\winterplatformer\winterproject\debug\playercontroller.obj
c:\users\roger\desktop\c++practice\project1\winterplatformer\winterproject\debug\solidobject.obj
c:\users\roger\desktop\c++practice\project1\winterplatformer\winterproject\debug\sprite.obj
c:\users\roger\desktop\c++practice\project1\winterplatformer\winterproject\debug\tickable.obj
c:\users\roger\desktop\c++practice\project1\winterplatformer\winterproject\debug\visibility.obj
c:\users\roger\desktop\c++practice\project1\winterplatformer\winterproject\debug\visible.obj
c:\users\roger\desktop\c++practice\project1\winterplatformer\winterproject\debug\wall.obj
c:\users\roger\desktop\c++practice\project1\winterplatformer\debug\winterproject.ilk
c:\users\roger\desktop\c++practice\project1\winterplatformer\debug\winterproject.exe
c:\users\roger\desktop\c++practice\project1\winterplatformer\debug\winterproject.pdb
c:\users\roger\desktop\c++practice\project1\winterplatformer\winterproject\debug\winterproject.tlog\cl.command.1.tlog
c:\users\roger\desktop\c++practice\project1\winterplatformer\winterproject\debug\winterproject.tlog\cl.read.1.tlog
c:\users\roger\desktop\c++practice\project1\winterplatformer\winterproject\debug\winterproject.tlog\cl.write.1.tlog
c:\users\roger\desktop\c++practice\project1\winterplatformer\winterproject\debug\winterproject.tlog\link.command.1.tlog
c:\users\roger\desktop\c++practice\project1\winterplatformer\winterproject\debug\winterproject.tlog\link.read.1.tlog
c:\users\roger\desktop\c++practice\project1\winterplatformer\winterproject\debug\winterproject.tlog\link.write.1.tlog
