Build started 1/16/2015 9:42:34 PM.
     1>Project "C:\Users\Roger\Desktop\C++Practice\Project1\WinterPlatformer\WinterProject\WinterProject.vcxproj" on node 2 (Build target(s)).
     1>ClCompile:
         C:\Program Files (x86)\Microsoft Visual Studio 12.0\VC\bin\CL.exe /c /ZI /nologo /W3 /WX- /sdl /Od /Oy- /D _MBCS /Gm /EHsc /RTC1 /MDd /GS /fp:precise /Zc:wchar_t /Zc:forScope /Fo"Debug\\" /Fd"Debug\vc120.pdb" /Gd /TP /analyze- /errorReport:prompt PhysicsBody.cpp
         PhysicsBody.cpp
     1>c:\users\roger\desktop\c++practice\project1\winterplatformer\winterproject\physicsbody.cpp(100): warning C4244: 'argument' : conversion from 'int' to 'float', possible loss of data
       Link:
         C:\Program Files (x86)\Microsoft Visual Studio 12.0\VC\bin\link.exe /ERRORREPORT:PROMPT /OUT:"C:\Users\Roger\Desktop\C++Practice\Project1\WinterPlatformer\Debug\WinterProject.exe" /INCREMENTAL /NOLOGO SDL2.lib SDL2main.lib SDL2_image.lib kernel32.lib user32.lib gdi32.lib winspool.lib comdlg32.lib advapi32.lib shell32.lib ole32.lib oleaut32.lib uuid.lib odbc32.lib odbccp32.lib /MANIFEST /MANIFESTUAC:"level='asInvoker' uiAccess='false'" /manifest:embed /DEBUG /PDB:"C:\Users\Roger\Desktop\C++Practice\Project1\WinterPlatformer\Debug\WinterProject.pdb" /SUBSYSTEM:CONSOLE /TLBID:1 /DYNAMICBASE /NXCOMPAT /IMPLIB:"C:\Users\Roger\Desktop\C++Practice\Project1\WinterPlatformer\Debug\WinterProject.lib" /MACHINE:X86 Debug\Background.obj
         Debug\Collision.obj
         Debug\Component.obj
         Debug\GameController.obj
         Debug\GameObject.obj
         Debug\LevelConstructor.obj
         Debug\main.obj
         Debug\NonSolidObject.obj
         Debug\PhysicsBody.obj
         Debug\Platform.obj
         Debug\Player.obj
         Debug\PlayerCollision.obj
         Debug\PlayerCommands.obj
         Debug\PlayerController.obj
         Debug\SolidObject.obj
         Debug\Sprite.obj
         Debug\Tickable.obj
         Debug\Visibility.obj
         Debug\Visible.obj
         Debug\Wall.obj
         WinterProject.vcxproj -> C:\Users\Roger\Desktop\C++Practice\Project1\WinterPlatformer\Debug\WinterProject.exe
     1>Done Building Project "C:\Users\Roger\Desktop\C++Practice\Project1\WinterPlatformer\WinterProject\WinterProject.vcxproj" (Build target(s)).

Build succeeded.

Time Elapsed 00:00:01.14
